2024-09-23 11:24:52 fatal:	b1749a4c-0e14-4bcd-8aaf-d6647d7e76db RequestURL: undefined  users validation failed: email: Email is required, password: Password is required 
Stack:
	 ValidationError: users validation failed: email: Email is required, password: Password is required
    at Document.invalidate (D:\boilerplate_nextjs_mongoose\node_modules\mongoose\lib\document.js:3312:32)
    at D:\boilerplate_nextjs_mongoose\node_modules\mongoose\lib\document.js:3073:17
    at D:\boilerplate_nextjs_mongoose\node_modules\mongoose\lib\schemaType.js:1388:9
    at process.processTicksAndRejections (node:internal/process/task_queues:77:11)
2024-09-23 11:30:52 fatal:	2f8e710b-bd2c-4592-a8ef-f2b7530df83b RequestURL: undefined  body is not defined 
Stack:
	 ReferenceError: body is not defined
    at POST (webpack-internal:///(rsc)/./src/app/api/v1/signup/route.js:33:20)
    at async D:\boilerplate_nextjs_mongoose\node_modules\next\dist\compiled\next-server\app-route.runtime.dev.js:6:55759
    at async eO.execute (D:\boilerplate_nextjs_mongoose\node_modules\next\dist\compiled\next-server\app-route.runtime.dev.js:6:46527)
    at async eO.handle (D:\boilerplate_nextjs_mongoose\node_modules\next\dist\compiled\next-server\app-route.runtime.dev.js:6:57093)
    at async doRender (D:\boilerplate_nextjs_mongoose\node_modules\next\dist\server\base-server.js:1345:42)
    at async cacheEntry.responseCache.get.routeKind (D:\boilerplate_nextjs_mongoose\node_modules\next\dist\server\base-server.js:1567:28)
    at async DevServer.renderToResponseWithComponentsImpl (D:\boilerplate_nextjs_mongoose\node_modules\next\dist\server\base-server.js:1475:28)
    at async DevServer.renderPageComponent (D:\boilerplate_nextjs_mongoose\node_modules\next\dist\server\base-server.js:1901:24)
    at async DevServer.renderToResponseImpl (D:\boilerplate_nextjs_mongoose\node_modules\next\dist\server\base-server.js:1939:32)
    at async DevServer.pipeImpl (D:\boilerplate_nextjs_mongoose\node_modules\next\dist\server\base-server.js:914:25)
    at async NextNodeServer.handleCatchallRenderRequest (D:\boilerplate_nextjs_mongoose\node_modules\next\dist\server\next-server.js:272:17)
    at async DevServer.handleRequestImpl (D:\boilerplate_nextjs_mongoose\node_modules\next\dist\server\base-server.js:810:17)
    at async D:\boilerplate_nextjs_mongoose\node_modules\next\dist\server\dev\next-dev-server.js:339:20
    at async Span.traceAsyncFn (D:\boilerplate_nextjs_mongoose\node_modules\next\dist\trace\trace.js:154:20)
    at async DevServer.handleRequest (D:\boilerplate_nextjs_mongoose\node_modules\next\dist\server\dev\next-dev-server.js:336:24)
    at async invokeRender (D:\boilerplate_nextjs_mongoose\node_modules\next\dist\server\lib\router-server.js:173:21)
    at async handleRequest (D:\boilerplate_nextjs_mongoose\node_modules\next\dist\server\lib\router-server.js:350:24)
    at async requestHandlerImpl (D:\boilerplate_nextjs_mongoose\node_modules\next\dist\server\lib\router-server.js:374:13)
    at async Server.requestListener (D:\boilerplate_nextjs_mongoose\node_modules\next\dist\server\lib\start-server.js:141:13)
2024-09-23 11:32:08 fatal:	3ab6e676-17fe-413c-9b37-c10d4e5639cf RequestURL: undefined  body is not defined 
Stack:
	 ReferenceError: body is not defined
    at POST (webpack-internal:///(rsc)/./src/app/api/v1/signup/route.js:33:20)
    at async D:\boilerplate_nextjs_mongoose\node_modules\next\dist\compiled\next-server\app-route.runtime.dev.js:6:55759
    at async eO.execute (D:\boilerplate_nextjs_mongoose\node_modules\next\dist\compiled\next-server\app-route.runtime.dev.js:6:46527)
    at async eO.handle (D:\boilerplate_nextjs_mongoose\node_modules\next\dist\compiled\next-server\app-route.runtime.dev.js:6:57093)
    at async doRender (D:\boilerplate_nextjs_mongoose\node_modules\next\dist\server\base-server.js:1345:42)
    at async cacheEntry.responseCache.get.routeKind (D:\boilerplate_nextjs_mongoose\node_modules\next\dist\server\base-server.js:1567:28)
    at async DevServer.renderToResponseWithComponentsImpl (D:\boilerplate_nextjs_mongoose\node_modules\next\dist\server\base-server.js:1475:28)
    at async DevServer.renderPageComponent (D:\boilerplate_nextjs_mongoose\node_modules\next\dist\server\base-server.js:1901:24)
    at async DevServer.renderToResponseImpl (D:\boilerplate_nextjs_mongoose\node_modules\next\dist\server\base-server.js:1939:32)
    at async DevServer.pipeImpl (D:\boilerplate_nextjs_mongoose\node_modules\next\dist\server\base-server.js:914:25)
    at async NextNodeServer.handleCatchallRenderRequest (D:\boilerplate_nextjs_mongoose\node_modules\next\dist\server\next-server.js:272:17)
    at async DevServer.handleRequestImpl (D:\boilerplate_nextjs_mongoose\node_modules\next\dist\server\base-server.js:810:17)
    at async D:\boilerplate_nextjs_mongoose\node_modules\next\dist\server\dev\next-dev-server.js:339:20
    at async Span.traceAsyncFn (D:\boilerplate_nextjs_mongoose\node_modules\next\dist\trace\trace.js:154:20)
    at async DevServer.handleRequest (D:\boilerplate_nextjs_mongoose\node_modules\next\dist\server\dev\next-dev-server.js:336:24)
    at async invokeRender (D:\boilerplate_nextjs_mongoose\node_modules\next\dist\server\lib\router-server.js:173:21)
    at async handleRequest (D:\boilerplate_nextjs_mongoose\node_modules\next\dist\server\lib\router-server.js:350:24)
    at async requestHandlerImpl (D:\boilerplate_nextjs_mongoose\node_modules\next\dist\server\lib\router-server.js:374:13)
    at async Server.requestListener (D:\boilerplate_nextjs_mongoose\node_modules\next\dist\server\lib\start-server.js:141:13)
